#
# There is insufficient memory for the Java Runtime Environment to continue.
# Native memory allocation (mmap) failed to map 536870912 bytes for G1 virtual space
# Possible reasons:
#   The system is out of physical RAM or swap space
#   The process is running with CompressedOops enabled, and the Java Heap may be blocking the growth of the native heap
# Possible solutions:
#   Reduce memory load on the system
#   Increase physical memory or swap space
#   Check if swap backing store is full
#   Decrease Java heap size (-Xmx/-Xms)
#   Decrease number of Java threads
#   Decrease Java thread stack sizes (-Xss)
#   Set larger code cache with -XX:ReservedCodeCacheSize=
#   JVM is running with Zero Based Compressed Oops mode in which the Java heap is
#     placed in the first 32GB address space. The Java Heap base address is the
#     maximum limit for the native heap growth. Please use -XX:HeapBaseMinAddress
#     to set the Java Heap base and to place the Java Heap above 32GB virtual address.
# This output file may be truncated or incomplete.
#
#  Out of Memory Error (os_windows.cpp:3825), pid=29680, tid=28168
#
# JRE version:  (17.0.9) (build )
# Java VM: OpenJDK 64-Bit Server VM (17.0.9+0--11185874, mixed mode, sharing, tiered, compressed oops, compressed class ptrs, g1 gc, windows-amd64)
# No core dump will be written. Minidumps are not enabled by default on client versions of Windows
#

---------------  S U M M A R Y ------------

Command Line: 

Host: Intel(R) Core(TM) i7-9700K CPU @ 3.60GHz, 8 cores, 31G,  Windows 11 , 64 bit Build 22621 (10.0.22621.3374)
Time: Wed May  1 12:18:02 2024 Afr. centrale Ouest elapsed time: 0.036664 seconds (0d 0h 0m 0s)

---------------  T H R E A D  ---------------

Current thread (0x000002582ffaa890):  JavaThread "Unknown thread" [_thread_in_vm, id=28168, stack(0x0000008e0d900000,0x0000008e0da00000)]

Stack: [0x0000008e0d900000,0x0000008e0da00000]
Native frames: (J=compiled Java code, j=interpreted, Vv=VM code, C=native code)
V  [jvm.dll+0x6886e9]
V  [jvm.dll+0x841e4a]
V  [jvm.dll+0x843a8e]
V  [jvm.dll+0x8440f3]
V  [jvm.dll+0x24c14f]
V  [jvm.dll+0x685499]
V  [jvm.dll+0x679c2a]
V  [jvm.dll+0x30cf9b]
V  [jvm.dll+0x314446]
V  [jvm.dll+0x36425e]
V  [jvm.dll+0x36448f]
V  [jvm.dll+0x2e2d68]
V  [jvm.dll+0x2e3cd4]
V  [jvm.dll+0x8129f1]
V  [jvm.dll+0x3720c1]
V  [jvm.dll+0x7f152c]
V  [jvm.dll+0x3f5d4f]
V  [jvm.dll+0x3f7981]
C  [jli.dll+0x528f]
C  [ucrtbase.dll+0x29333]
C  [KERNEL32.DLL+0x1257d]
C  [ntdll.dll+0x5aa48]


---------------  P R O C E S S  ---------------

Threads class SMR info:
_java_thread_list=0x00007ffa0f5fef18, length=0, elements={
}

Java Threads: ( => current thread )

Other Threads:
  0x000002583004e910 GCTaskThread "GC Thread#0" [stack: 0x0000008e0da00000,0x0000008e0db00000] [id=8796]
  0x00000258557551d0 ConcurrentGCThread "G1 Main Marker" [stack: 0x0000008e0db00000,0x0000008e0dc00000] [id=16960]
  0x0000025855755a00 ConcurrentGCThread "G1 Conc#0" [stack: 0x0000008e0dc00000,0x0000008e0dd00000] [id=8972]

[error occurred during error reporting (printing all threads), id 0xc0000005, EXCEPTION_ACCESS_VIOLATION (0xc0000005) at pc=0x00007ffa0edb3937]

VM state: not at safepoint (not fully initialized)

VM Mutex/Monitor currently owned by a thread:  ([mutex/lock_event])
[0x000002582ffa8fa0] Heap_lock - owner thread: 0x000002582ffaa890

Heap address: 0x0000000600c00000, size: 8180 MB, Compressed Oops mode: Zero based, Oop shift amount: 3

CDS archive(s) mapped at: [0x0000000000000000-0x0000000000000000-0x0000000000000000), size 0, SharedBaseAddress: 0x0000000800000000, ArchiveRelocationMode: 1.
Narrow klass base: 0x0000000000000000, Narrow klass shift: 0, Narrow klass range: 0x0

GC Precious Log:
<Empty>

Heap:
 garbage-first heap   total 0K, used 0K [0x0000000600c00000, 0x0000000800000000)
  region size 4096K, 0 young (0K), 0 survivors (0K)
 Metaspace       used 0K, committed 0K, reserved 0K
  class space    used 0K, committed 0K, reserved 0K

Heap Regions: E=young(eden), S=young(survivor), O=old, HS=humongous(starts), HC=humongous(continues), CS=collection set, F=free, OA=open archive, CA=closed archive, TAMS=top-at-mark-start (previous, next)

Card table byte_map: [0x00000258437a0000,0x00000258447a0000] _byte_map_base: 0x000002584079a000

Marking Bits (Prev, Next): (CMBitMap*) 0x0000025855744910, (CMBitMap*) 0x0000025855744950
 Prev Bits: [0x00000258457a0000, 0x000002584d770000)
 Next Bits: [0x000002584d770000, 0x0000025855740000)

GC Heap History (0 events):
No events

Dll operation events (1 events):
Event: 0.004 Loaded shared library E:\Android Studio\jbr\bin\java.dll

Deoptimization events (0 events):
No events

Classes unloaded (0 events):
No events

Classes redefined (0 events):
No events

Internal exceptions (0 events):
No events

VM Operations (0 events):
No events

Events (0 events):
No events


Dynamic libraries:
0x00007ff7a4a20000 - 0x00007ff7a4a2a000 	E:\Android Studio\jbr\bin\java.EXE
0x00007ffa812f0000 - 0x00007ffa81506000 	C:\Windows\SYSTEM32\ntdll.dll
0x00007ffa7f4a0000 - 0x00007ffa7f564000 	C:\Windows\System32\KERNEL32.DLL
0x00007ffa7ea90000 - 0x00007ffa7ee37000 	C:\Windows\System32\KERNELBASE.dll
0x00007ffa7e780000 - 0x00007ffa7e891000 	C:\Windows\System32\ucrtbase.dll
0x00007ffa7bd80000 - 0x00007ffa7bd97000 	E:\Android Studio\jbr\bin\jli.dll
0x00007ffa7b450000 - 0x00007ffa7b46b000 	E:\Android Studio\jbr\bin\VCRUNTIME140.dll
0x00007ffa80f30000 - 0x00007ffa810de000 	C:\Windows\System32\USER32.dll
0x00007ffa7ef80000 - 0x00007ffa7efa6000 	C:\Windows\System32\win32u.dll
0x00007ffa6b6a0000 - 0x00007ffa6b933000 	C:\Windows\WinSxS\amd64_microsoft.windows.common-controls_6595b64144ccf1df_6.0.22621.3235_none_270f74e173860f98\COMCTL32.dll
0x00007ffa81200000 - 0x00007ffa812a7000 	C:\Windows\System32\msvcrt.dll
0x00007ffa7f2a0000 - 0x00007ffa7f2c9000 	C:\Windows\System32\GDI32.dll
0x00007ffa7e970000 - 0x00007ffa7ea89000 	C:\Windows\System32\gdi32full.dll
0x00007ffa7e8d0000 - 0x00007ffa7e96a000 	C:\Windows\System32\msvcp_win.dll
0x00007ffa7f570000 - 0x00007ffa7f5a1000 	C:\Windows\System32\IMM32.DLL
0x00007ffa5c550000 - 0x00007ffa5c632000 	C:\Program Files\Windhawk\Engine\1.4.1\64\windhawk.dll
0x00007ffa80df0000 - 0x00007ffa80ea2000 	C:\Windows\System32\ADVAPI32.dll
0x00007ffa81150000 - 0x00007ffa811f8000 	C:\Windows\System32\sechost.dll
0x00007ffa7e8a0000 - 0x00007ffa7e8c8000 	C:\Windows\System32\bcrypt.dll
0x00007ffa80cd0000 - 0x00007ffa80de5000 	C:\Windows\System32\RPCRT4.dll
0x00007ffa7c200000 - 0x00007ffa7c20c000 	E:\Android Studio\jbr\bin\vcruntime140_1.dll
0x00007ffa4d1f0000 - 0x00007ffa4d27d000 	E:\Android Studio\jbr\bin\msvcp140.dll
0x00007ffa0eac0000 - 0x00007ffa0f743000 	E:\Android Studio\jbr\bin\server\jvm.dll
0x00007ffa7e4e0000 - 0x00007ffa7e52d000 	C:\Windows\SYSTEM32\POWRPROF.dll
0x00007ffa5f7f0000 - 0x00007ffa5f7f9000 	C:\Windows\SYSTEM32\WSOCK32.dll
0x00007ffa6f390000 - 0x00007ffa6f3c4000 	C:\Windows\SYSTEM32\WINMM.dll
0x00007ffa76d70000 - 0x00007ffa76d7a000 	C:\Windows\SYSTEM32\VERSION.dll
0x00007ffa801d0000 - 0x00007ffa80241000 	C:\Windows\System32\WS2_32.dll
0x00007ffa7e4c0000 - 0x00007ffa7e4d3000 	C:\Windows\SYSTEM32\UMPDC.dll
0x00007ffa7d630000 - 0x00007ffa7d648000 	C:\Windows\SYSTEM32\kernel.appcore.dll
0x00007ffa79710000 - 0x00007ffa7971a000 	E:\Android Studio\jbr\bin\jimage.dll
0x00007ffa7be40000 - 0x00007ffa7c073000 	C:\Windows\SYSTEM32\DBGHELP.DLL
0x00007ffa7f5b0000 - 0x00007ffa7f938000 	C:\Windows\System32\combase.dll
0x00007ffa800e0000 - 0x00007ffa801b7000 	C:\Windows\System32\OLEAUT32.dll
0x00007ffa5ae80000 - 0x00007ffa5aeb2000 	C:\Windows\SYSTEM32\dbgcore.DLL
0x00007ffa7ee40000 - 0x00007ffa7eeb9000 	C:\Windows\System32\bcryptPrimitives.dll
0x00007ffa67b20000 - 0x00007ffa67b45000 	E:\Android Studio\jbr\bin\java.dll

dbghelp: loaded successfully - version: 4.0.5 - missing functions: none
symbol engine: initialized successfully - sym options: 0x614 - pdb path: .;E:\Android Studio\jbr\bin;C:\Windows\SYSTEM32;C:\Windows\WinSxS\amd64_microsoft.windows.common-controls_6595b64144ccf1df_6.0.22621.3235_none_270f74e173860f98;C:\Program Files\Windhawk\Engine\1.4.1\64;E:\Android Studio\jbr\bin\server

VM Arguments:
java_command: <unknown>
java_class_path (initial): <not set>
Launcher Type: SUN_STANDARD

[Global flags]
     intx CICompilerCount                          = 4                                         {product} {ergonomic}
     uint ConcGCThreads                            = 2                                         {product} {ergonomic}
     uint G1ConcRefinementThreads                  = 8                                         {product} {ergonomic}
   size_t G1HeapRegionSize                         = 4194304                                   {product} {ergonomic}
    uintx GCDrainStackTargetSize                   = 64                                        {product} {ergonomic}
   size_t InitialHeapSize                          = 536870912                                 {product} {ergonomic}
   size_t MarkStackSize                            = 4194304                                   {product} {ergonomic}
   size_t MaxHeapSize                              = 8577351680                                {product} {ergonomic}
   size_t MinHeapDeltaBytes                        = 4194304                                   {product} {ergonomic}
   size_t MinHeapSize                              = 8388608                                   {product} {ergonomic}
    uintx NonNMethodCodeHeapSize                   = 5839372                                {pd product} {ergonomic}
    uintx NonProfiledCodeHeapSize                  = 122909434                              {pd product} {ergonomic}
    uintx ProfiledCodeHeapSize                     = 122909434                              {pd product} {ergonomic}
    uintx ReservedCodeCacheSize                    = 251658240                              {pd product} {ergonomic}
     bool SegmentedCodeCache                       = true                                      {product} {ergonomic}
   size_t SoftMaxHeapSize                          = 8577351680                             {manageable} {ergonomic}
     bool UseCompressedClassPointers               = true                           {product lp64_product} {ergonomic}
     bool UseCompressedOops                        = true                           {product lp64_product} {ergonomic}
     bool UseG1GC                                  = true                                      {product} {ergonomic}
     bool UseLargePagesIndividualAllocation        = false                                  {pd product} {ergonomic}

Logging:
Log output configuration:
 #0: stdout all=warning uptime,level,tags
 #1: stderr all=off uptime,level,tags

Environment Variables:
PATH=E:\flutter\flutter\bin\;C:\Users\damdo\AppData\Roaming\Python\Python311\Scripts;C:\Users\damdo\AppData\Roaming\Python\Python311;C:\Program Files\ImageMagick-7.1.1-Q16;C:\Program Files\Java\jdk-20.0.2\bin;C:\Program Files\Common Files\Oracle\Java\javapath;C:\Program Files (x86)\Common Files\Oracle\Java\javapath;C:\Windows\system32;C:\Windows;C:\Windows\System32\Wbem;C:\Windows\System32\WindowsPowerShell\v1.0\;C:\Windows\System32\OpenSSH\;C:\Program Files\NVIDIA Corporation\NVIDIA NvDLISR;C:\Program Files (x86)\NVIDIA Corporation\PhysX\Common;C:\Program Files (x86)\QuickTime\QTSystem\;C:\Program Files\dotnet\;C:\Program Files\Git\cmd;C:\Program Files\nodejs\;C:\Program Files\Microsoft SQL Server\150\Tools\Binn\;C:\Program Files\Microsoft SQL Server\Client SDK\ODBC\170\Tools\Binn\;C:\Windows\system32;C:\Windows;C:\Windows\System32\Wbem;C:\Program Files\Tesseract-OCR;C:\Windows\System32\OpenSSH\;C:\Program Files\CMake\bin;C:\Program Files\swipl\bin;C:\Users\damdo\AppData\Local\Programs\Python\Python312\Scripts\;C:\Users\damdo\AppData\Local\Programs\Python\Python312\;C:\Program Files\MySQL\MySQL Server 8.3\bin;C:\Users\damdo\AppData\Local\Programs\Python\Python312\Scripts;C:\Users\damdo\.cargo\bin;C:\Users\damdo\AppData\Local\Microsoft\WindowsApps;C:\Users\damdo\AppData\Local\Programs\Microsoft VS Code\bin;C:\Users\damdo\.dotnet\tools;C:\Users\damdo\AppData\Roaming\npm;C:\Program Files\JetBrains\IntelliJ IDEA Community Edition 2022.2.3\bin;;C:\MinGW\bin;C:\Program Files (x86)\FreeArc\bin;E:\flutter\flutter\bin;
USERNAME=damdo
LANG=en_US.UTF-8
OS=Windows_NT
PROCESSOR_IDENTIFIER=Intel64 Family 6 Model 158 Stepping 13, GenuineIntel
TMP=C:\Users\damdo\AppData\Local\Temp
TEMP=C:\Users\damdo\AppData\Local\Temp



Periodic native trim disabled

JNI global refs:
JNI global refs: 0, weak refs: 0

JNI global refs memory usage: 0, weak refs: 0

OOME stack traces (most recent first):
Classloader memory used:


---------------  S Y S T E M  ---------------

OS:
 Windows 11 , 64 bit Build 22621 (10.0.22621.3374)
OS uptime: 0 days 15:23 hours

CPU: total 8 (initial active 8) (8 cores per cpu, 1 threads per core) family 6 model 158 stepping 13 microcode 0xde, cx8, cmov, fxsr, mmx, 3dnowpref, sse, sse2, sse3, ssse3, sse4.1, sse4.2, popcnt, lzcnt, tsc, tscinvbit, avx, avx2, aes, erms, clmul, bmi1, bmi2, adx, fma, vzeroupper, clflush, clflushopt
Processor Information for all 8 processors :
  Max Mhz: 3600, Current Mhz: 3600, Mhz Limit: 3600

Memory: 4k page, system-wide physical 32705M (13209M free)
TotalPageFile size 32705M (AvailPageFile size 44M)
current process WorkingSet (physical memory assigned to process): 12M, peak: 12M
current process commit charge ("private bytes"): 60M, peak: 572M

vm_info: OpenJDK 64-Bit Server VM (17.0.9+0--11185874) for windows-amd64 JRE (17.0.9+0--11185874), built on Dec  6 2023 18:57:44 by "androidbuild" with MS VC++ 16.10 / 16.11 (VS2019)

END.
